2025-10-20 15:01:21,740 | INFO | Starting backtest...
2025-10-20 15:01:37,669 | INFO | Starting LIVE engine... (DEMO!)
2025-10-20 15:04:31,767 | INFO | Starting LIVE engine... (DEMO!)
2025-10-20 15:04:31,780 | INFO | Live loop started for EURJPY @ M5
2025-10-20 15:04:31,830 | INFO | No signal or ATR invalid.
2025-10-20 15:05:31,863 | INFO | No signal or ATR invalid.
2025-10-20 15:10:31,932 | INFO | No signal or ATR invalid.
2025-10-20 15:13:43,900 | INFO | Starting backtest...
2025-10-20 15:14:31,150 | INFO | Starting backtest...
2025-10-20 15:14:59,687 | INFO | Starting backtest...
2025-10-20 15:15:23,119 | INFO | Starting backtest...
2025-10-20 15:22:19,149 | INFO | Starting backtest...
2025-10-20 15:26:20,974 | INFO | Starting LIVE engine... (DEMO!)
2025-10-20 15:26:21,003 | INFO | Live loop started for EURUSD.sml @ M5
2025-10-20 15:26:21,019 | INFO | No signal or ATR invalid.
2025-10-20 15:30:21,081 | INFO | No signal or ATR invalid.
2025-10-20 15:37:59,546 | INFO | Starting backtest...
2025-10-20 15:38:25,141 | INFO | Starting backtest...
2025-10-20 15:41:38,171 | INFO | Starting backtest...
2025-10-20 15:42:18,730 | INFO | Starting backtest...
2025-10-20 15:42:27,643 | INFO | Starting backtest...
2025-10-20 15:42:35,708 | INFO | Starting backtest...
2025-10-20 15:50:53,316 | INFO | Starting backtest...
2025-10-20 15:58:39,260 | INFO | Starting backtest...
2025-10-20 15:58:53,413 | INFO | Starting backtest...
2025-10-20 16:00:51,983 | INFO | Starting LIVE engine... (DEMO!)
2025-10-20 16:00:51,991 | INFO | Live loop started for EURUSD.sml @ M5
2025-10-20 16:00:52,026 | INFO | No signal or ATR invalid.
2025-10-20 16:05:52,100 | INFO | No signal or ATR invalid.
2025-10-20 16:10:52,219 | INFO | No signal or ATR invalid.
2025-10-20 16:14:18,273 | INFO | Starting backtest...
2025-10-20 16:15:34,456 | INFO | Starting backtest...
2025-10-20 16:22:42,505 | INFO | Starting backtest...
2025-10-20 16:22:58,463 | INFO | Starting backtest...
2025-10-20 16:23:04,748 | INFO | Starting backtest...
2025-10-20 16:41:51,695 | INFO | Starting backtest...
2025-10-20 16:48:11,312 | INFO | Starting backtest...
2025-10-20 16:48:22,901 | INFO | Starting backtest...
2025-10-20 16:48:34,809 | INFO | Starting backtest...
2025-10-20 17:07:44,734 | INFO | Starting LIVE engine... (DEMO!)
2025-10-20 17:07:44,769 | INFO | Live loop started for EURUSD.sml @ M15
2025-10-20 17:07:44,817 | INFO | No signal or ATR invalid.
2025-10-20 17:08:00,860 | INFO | Starting backtest...
2025-10-20 17:08:06,720 | INFO | Starting backtest...
2025-10-20 17:08:15,548 | INFO | Starting backtest...
2025-10-20 17:08:27,886 | INFO | Starting backtest...
2025-10-20 17:11:05,494 | INFO | Starting backtest...
2025-10-20 17:11:30,003 | INFO | Starting backtest...
2025-10-20 17:11:53,208 | INFO | Starting backtest...
2025-10-20 17:12:00,874 | INFO | Starting backtest...
2025-10-20 17:12:10,165 | INFO | Starting backtest...
2025-10-20 17:12:53,224 | INFO | Starting backtest...
2025-10-20 17:13:10,243 | INFO | Starting backtest...
2025-10-20 17:13:47,597 | INFO | Starting backtest...
2025-10-20 17:14:04,693 | INFO | Starting backtest...
2025-10-20 17:17:25,574 | INFO | Starting LIVE engine... (DEMO!)
2025-10-20 17:17:25,604 | INFO | Live loop started for EURUSD.sml @ M15
2025-10-20 17:17:25,649 | INFO | No signal or ATR invalid.
2025-10-20 17:17:46,318 | INFO | Starting LIVE engine... (DEMO!)
2025-10-20 17:17:46,330 | INFO | Live loop started for EURJPY @ M15
2025-10-20 17:17:46,391 | INFO | No signal or ATR invalid.
2025-10-20 17:18:46,434 | INFO | No signal or ATR invalid.
2025-10-20 17:30:46,574 | INFO | No signal or ATR invalid.
2025-10-20 17:38:31,067 | INFO | Starting backtest...
2025-10-20 17:39:12,986 | INFO | Starting backtest...
2025-10-20 17:39:32,937 | INFO | Starting backtest...
2025-10-20 20:56:26,337 | INFO | Starting backtest...
2025-10-20 20:57:04,623 | INFO | Starting backtest...
2025-10-20 20:57:20,009 | INFO | Starting backtest...
2025-10-20 21:17:40,271 | INFO | Starting backtest...
2025-10-20 21:19:52,556 | INFO | Starting backtest...
2025-10-20 21:20:44,921 | INFO | Starting backtest...
2025-10-20 21:26:07,723 | INFO | Starting backtest...
2025-10-20 21:26:32,069 | INFO | Starting backtest...
2025-10-20 21:26:57,858 | INFO | Starting backtest...
2025-10-20 21:27:16,646 | INFO | Starting backtest...
2025-10-20 21:27:34,516 | INFO | Starting backtest...
2025-10-20 21:32:00,470 | INFO | Starting backtest...
2025-10-20 21:35:00,610 | INFO | Starting backtest...
2025-10-20 21:35:13,496 | INFO | Starting backtest...
2025-10-20 21:36:22,192 | INFO | Starting backtest...
2025-10-20 21:36:43,072 | INFO | Starting backtest...
2025-10-20 21:36:55,414 | INFO | Starting backtest...
2025-10-20 21:49:45,610 | INFO | Starting backtest...
2025-10-20 21:49:52,157 | INFO | Starting backtest...
2025-10-20 21:50:32,930 | INFO | Starting backtest...
2025-10-20 21:50:57,925 | INFO | Starting backtest...
2025-10-20 21:51:04,485 | INFO | Starting backtest...
2025-10-20 21:51:32,360 | INFO | Starting backtest...
2025-10-20 21:52:05,066 | INFO | Starting backtest...
2025-10-20 21:52:45,418 | INFO | Starting backtest...
2025-10-20 21:53:03,514 | INFO | Starting backtest...
2025-10-20 21:54:49,112 | INFO | Starting backtest...
2025-10-20 21:55:15,115 | INFO | Starting backtest...
2025-10-20 21:55:42,859 | INFO | Starting backtest...
2025-10-20 21:56:00,719 | INFO | Starting backtest...
2025-10-20 21:56:12,011 | INFO | Starting backtest...
2025-10-20 21:56:30,806 | INFO | Starting backtest...
2025-10-20 21:56:44,427 | INFO | Starting backtest...
2025-10-20 21:56:53,876 | INFO | Starting backtest...
2025-10-20 21:57:02,185 | INFO | Starting backtest...
2025-10-20 21:57:27,866 | INFO | Starting backtest...
2025-10-20 21:57:50,011 | INFO | Starting backtest...
2025-10-20 21:58:13,788 | INFO | Starting backtest...
2025-10-20 21:58:40,337 | INFO | Starting backtest...
2025-10-20 22:01:23,483 | INFO | Starting LIVE engine... (DEMO!)
2025-10-20 22:01:23,517 | INFO | Live loop started for EURUSD.sml @ M15
2025-10-20 22:01:23,566 | INFO | No signal or ATR invalid.
2025-10-20 22:15:23,727 | INFO | No signal or ATR invalid.
2025-10-20 22:30:23,923 | INFO | No signal or ATR invalid.
2025-10-20 22:43:12,430 | INFO | Starting LIVE engine... (DEMO!)
2025-10-20 22:43:12,440 | INFO | Live loop started for EURUSD.sml @ M15
2025-10-21 11:48:01,273 | INFO | Starting backtest...
2025-10-21 11:51:01,681 | INFO | Starting backtest...
2025-10-21 11:51:25,580 | INFO | Starting backtest...
2025-10-21 11:51:56,366 | INFO | Starting backtest...
2025-10-21 11:55:45,923 | INFO | Starting LIVE engine... (DEMO!)
2025-10-21 11:55:45,956 | INFO | Live loop started for EURUSD.sml @ M15
2025-10-21 11:55:45,989 | INFO | No signal or ATR invalid.
2025-10-21 11:56:45,426 | INFO | Starting backtest...
2025-10-21 11:57:33,009 | INFO | Starting backtest...
2025-10-21 11:57:49,015 | INFO | Starting backtest...
2025-10-21 11:58:06,578 | INFO | Starting backtest...
2025-10-21 11:58:45,795 | INFO | Starting backtest...
2025-10-21 11:58:54,632 | INFO | Starting backtest...
2025-10-21 11:59:05,903 | INFO | Starting backtest...
2025-10-21 13:23:30,834 | INFO | Starting backtest...
2025-10-21 13:23:42,470 | INFO | Starting backtest...
2025-10-21 13:34:58,783 | INFO | Starting backtest...
2025-10-21 13:35:10,547 | INFO | Starting backtest...
2025-10-21 13:35:56,016 | INFO | Starting backtest...
2025-10-21 14:49:39,326 | INFO | Starting backtest...
2025-10-21 17:26:28,666 | INFO | Starting backtest...
2025-10-21 17:46:03,376 | INFO | Starting backtest...
2025-10-21 17:58:55,752 | INFO | Starting backtest...
2025-10-21 18:00:50,110 | INFO | Starting backtest...
2025-10-21 18:17:34,709 | INFO | Starting LIVE engine... (DEMO!)
2025-10-21 18:17:34,720 | INFO | Live loop started for EURUSD.sml @ M15
2025-10-21 18:17:34,749 | INFO | No signal or ATR invalid.
2025-10-21 18:30:34,903 | INFO | No signal or ATR invalid.
2025-10-21 21:13:58,880 | INFO | No signal or ATR invalid.
2025-10-21 21:14:58,917 | INFO | No signal or ATR invalid.
2025-10-21 21:15:58,953 | INFO | No signal or ATR invalid.
2025-10-21 22:35:38,057 | INFO | Starting LIVE engine... (DEMO!)
2025-10-21 22:35:38,069 | INFO | Live loop started for EURUSD.sml @ M15
2025-10-21 22:35:38,112 | INFO | No signal or ATR invalid.
2025-10-21 22:35:38,113 | WARNING | [DEBUG] Forcing tiny long trade: lots=0.01 entry=1.16074 sl=1.15774 tp=1.16374
2025-10-21 22:35:38,379 | INFO | [DEBUG] Forced order result: OrderSendResult(retcode=10009, deal=32481982, order=30573227, volume=0.01, price=1.16075, bid=1.16068, ask=1.16075, comment='Request executed', request_id=4278639847, retcode_external=0, request=TradeRequest(action=1, magic=20251019, order=0, symbol='EURUSD.sml', volume=0.01, price=1.16074, stoplimit=0.0, sl=1.1577400000000002, tp=1.16374, deviation=10, type=0, type_filling=0, type_time=0, expiration=0, comment='mt5fx M15', position=0, position_by=0))
2025-10-21 22:38:17,286 | INFO | Starting LIVE engine... (DEMO!)
2025-10-21 22:38:17,292 | INFO | Live loop started for NZDUSD @ M15
2025-10-21 22:38:17,348 | INFO | No signal or ATR invalid.
2025-10-21 22:38:17,349 | WARNING | [DEBUG] Forcing tiny long trade: lots=0.01 entry=0.57446 sl=0.57146 tp=0.57746
2025-10-21 22:38:17,616 | INFO | [DEBUG] Forced order result: OrderSendResult(retcode=10009, deal=32482015, order=30573262, volume=0.01, price=0.57446, bid=0.57431, ask=0.57446, comment='Request executed', request_id=4278639848, retcode_external=0, request=TradeRequest(action=1, magic=20251019, order=0, symbol='NZDUSD', volume=0.01, price=0.57446, stoplimit=0.0, sl=0.57146, tp=0.57746, deviation=10, type=0, type_filling=0, type_time=0, expiration=0, comment='mt5fx M15', position=0, position_by=0))
2025-10-21 22:45:17,926 | INFO | Modified SL/TP for ticket 30573262
2025-10-21 22:47:03,138 | INFO | No signal or ATR invalid.
2025-10-21 22:47:18,710 | INFO | Starting LIVE engine... (DEMO!)
2025-10-21 22:47:18,716 | INFO | Live loop started for NZDUSD @ M15
2025-10-21 22:49:51,886 | INFO | Starting LIVE engine... (DEMO!)
2025-10-21 22:52:02,592 | INFO | Starting LIVE engine... (DEMO!)
2025-10-21 22:52:02,603 | INFO | Live loop started for AUDUSD.sml @ M15
2025-10-21 22:52:02,650 | INFO | No signal or ATR invalid.
2025-10-21 22:52:02,650 | WARNING | [DEBUG] Forcing tiny long trade: lots=0.20 entry=0.64908 sl=0.64608 tp=0.65208
2025-10-21 22:52:02,908 | INFO | [DEBUG] Forced order result: OrderSendResult(retcode=10009, deal=32482190, order=30573439, volume=0.2, price=0.64908, bid=0.64897, ask=0.64908, comment='Request executed', request_id=4278639850, retcode_external=0, request=TradeRequest(action=1, magic=20251019, order=0, symbol='AUDUSD.sml', volume=0.2, price=0.64908, stoplimit=0.0, sl=0.64608, tp=0.65208, deviation=10, type=0, type_filling=0, type_time=0, expiration=0, comment='mt5fx M15', position=0, position_by=0))
2025-10-21 23:00:03,241 | INFO | Modified SL/TP for ticket 30573439
2025-10-21 23:00:03,242 | INFO | No signal or ATR invalid.
2025-10-21 23:08:01,838 | INFO | Starting LIVE engine... (DEMO!)
2025-10-21 23:08:01,848 | INFO | Live loop started for AUDUSD.sml @ M15
2025-10-21 23:17:53,575 | INFO | Starting LIVE engine... (DEMO!)
2025-10-21 23:17:53,584 | INFO | Live loop started for AUDUSD.sml @ M15
2025-10-21 23:17:53,641 | INFO | No signal or ATR invalid.
2025-10-21 23:20:26,968 | INFO | Starting LIVE engine... (DEMO!)
2025-10-21 23:20:33,881 | INFO | Starting LIVE engine... (DEMO!)
2025-10-21 23:20:33,895 | INFO | Live loop started for AUDUSD.sml @ M15
2025-10-21 23:22:06,408 | INFO | Starting LIVE engine... (DEMO!)
2025-10-21 23:22:06,419 | INFO | Live loop started for AUDUSD.sml @ M15
2025-10-21 23:30:06,554 | INFO | No signal or ATR invalid.
2025-10-21 23:45:06,993 | INFO | Modified SL/TP for ticket 30573439
2025-10-21 23:45:06,994 | INFO | No signal or ATR invalid.
2025-10-22 00:00:07,152 | INFO | No signal or ATR invalid.
2025-10-22 00:03:02,925 | INFO | Starting backtest...
2025-10-22 00:03:30,964 | INFO | Starting backtest...
2025-10-22 00:41:49,780 | INFO | Starting backtest...
2025-10-22 00:41:53,810 | INFO | Starting backtest...
2025-10-22 00:43:27,445 | INFO | Starting backtest...
2025-10-22 00:43:49,884 | INFO | Starting backtest...
2025-10-22 00:47:23,278 | INFO | Starting backtest...
2025-10-22 00:47:47,312 | INFO | Starting backtest...
2025-10-22 00:48:09,392 | INFO | Starting backtest...
2025-10-22 00:48:27,389 | INFO | Starting backtest...
2025-10-22 00:48:43,033 | INFO | Starting backtest...
2025-10-22 00:51:34,455 | INFO | Starting backtest...
2025-10-22 00:51:47,710 | INFO | Starting backtest...
2025-10-22 01:20:31,408 | INFO | Starting backtest...
2025-10-22 01:20:44,355 | INFO | Starting backtest...
2025-10-22 01:22:22,824 | INFO | Starting backtest...
2025-10-22 01:22:51,842 | INFO | Starting backtest...
2025-10-22 01:23:02,198 | INFO | Starting backtest...
2025-10-22 01:23:09,684 | INFO | Starting backtest...
2025-10-22 01:23:50,909 | INFO | Starting backtest...
2025-10-22 01:24:10,640 | INFO | Starting backtest...
2025-10-22 01:24:33,084 | INFO | Starting backtest...
2025-10-22 01:25:26,475 | INFO | Starting backtest...
2025-10-22 01:25:34,294 | INFO | Starting backtest...
2025-10-22 01:25:38,768 | INFO | Starting backtest...
2025-10-22 01:25:45,795 | INFO | Starting backtest...
2025-10-22 01:26:41,225 | INFO | Starting backtest...
2025-10-22 01:27:03,131 | INFO | Starting backtest...
2025-10-22 01:27:39,690 | INFO | Starting backtest...
2025-10-22 01:28:08,115 | INFO | Starting backtest...
2025-10-22 01:28:49,308 | INFO | Starting backtest...
2025-10-22 01:29:11,583 | INFO | Starting backtest...
2025-10-22 01:29:35,152 | INFO | Starting backtest...
2025-10-22 01:30:13,449 | INFO | Starting backtest...
2025-10-22 08:14:24,994 | INFO | Starting LIVE engine... (DEMO!)
2025-10-22 08:14:25,009 | INFO | Live loop started for AUDUSD.sml @ M15
2025-10-22 08:14:25,049 | INFO | No signal or ATR invalid.
2025-10-22 08:15:25,089 | INFO | No signal or ATR invalid.
2025-10-22 08:17:53,878 | INFO | Starting backtest...
2025-10-22 08:20:47,148 | INFO | Starting backtest...
2025-10-22 08:21:14,448 | INFO | Starting backtest...
2025-10-22 08:21:47,238 | INFO | Starting backtest...
2025-10-22 08:25:26,372 | INFO | Starting backtest...
2025-10-22 08:41:35,148 | INFO | Starting backtest...
2025-10-22 08:56:48,327 | INFO | Starting backtest...
2025-10-22 09:18:03,507 | INFO | Starting backtest...
2025-10-22 12:48:46,624 | INFO | Starting backtest...
2025-10-22 13:28:26,866 | INFO | Starting backtest...
2025-10-22 13:29:29,931 | INFO | Starting backtest...
2025-10-22 14:44:52,118 | INFO | Starting backtest...
2025-10-22 14:51:42,993 | INFO | Starting backtest...
2025-10-22 14:52:07,874 | INFO | Starting backtest...
2025-10-22 14:52:22,601 | INFO | Starting backtest...
2025-10-22 14:53:27,613 | INFO | Starting backtest...
2025-10-22 15:05:03,912 | INFO | Starting backtest...
2025-10-22 15:05:16,200 | INFO | Starting backtest...
2025-10-22 15:06:48,763 | INFO | Starting backtest...
2025-10-22 15:07:01,024 | INFO | Starting backtest...
2025-10-22 15:12:27,933 | INFO | Starting backtest...
2025-10-22 15:18:22,730 | INFO | Starting backtest...
2025-10-22 15:18:37,108 | INFO | Starting backtest...
2025-10-22 15:18:59,549 | INFO | Starting backtest...
2025-10-22 15:19:20,551 | INFO | Starting backtest...
2025-10-22 15:25:02,075 | INFO | Starting backtest...
2025-10-22 15:26:53,907 | INFO | Starting backtest...
2025-10-22 15:27:10,588 | INFO | Starting backtest...
2025-10-22 15:27:26,456 | INFO | Starting backtest...
2025-10-22 15:27:41,725 | INFO | Starting backtest...
2025-10-22 15:28:08,482 | INFO | Starting backtest...
2025-10-22 15:45:52,126 | INFO | Starting LIVE engine... (DEMO!)
2025-10-22 15:45:52,160 | INFO | Live loop started for AUDUSD.sml @ M15
2025-10-22 15:45:52,364 | INFO | No signal or ATR invalid.
2025-10-22 15:49:20,281 | INFO | Starting LIVE engine... (DEMO!)
2025-10-22 15:49:20,289 | INFO | Live loop started for AUDUSD.sml @ M15
2025-10-22 15:49:37,305 | INFO | Starting backtest...
2025-10-22 15:49:58,485 | INFO | Starting backtest...
2025-10-22 16:19:21,162 | INFO | Starting backtest...
2025-10-22 16:22:01,918 | INFO | Starting backtest...
2025-10-22 16:22:43,494 | INFO | Starting backtest...
2025-10-22 16:33:26,197 | INFO | Starting backtest...
2025-10-22 16:33:42,983 | INFO | Starting backtest...
2025-10-22 16:39:22,676 | INFO | Starting backtest...
2025-10-22 16:43:15,357 | INFO | Starting backtest...
2025-10-22 16:45:49,095 | INFO | Starting backtest...
2025-10-22 16:46:44,551 | INFO | Starting backtest...
2025-10-22 17:24:21,683 | INFO | Starting backtest...
2025-10-22 17:28:47,392 | INFO | Starting backtest...
2025-10-22 19:45:36,824 | INFO | Starting backtest...
2025-10-22 19:48:02,858 | INFO | Starting backtest...
2025-10-22 19:49:14,747 | INFO | Starting backtest...
2025-10-22 19:49:42,063 | INFO | Starting backtest...
2025-10-22 19:50:10,057 | INFO | Starting backtest...
2025-10-22 21:18:38,295 | INFO | Starting backtest...
2025-10-22 21:18:53,448 | INFO | Starting backtest...
2025-10-22 21:27:32,876 | INFO | Starting backtest...
2025-10-22 21:31:53,053 | INFO | Starting backtest...
2025-10-22 21:37:09,993 | INFO | Starting backtest...
2025-10-22 21:39:57,731 | INFO | Starting backtest...
2025-10-22 21:43:14,573 | INFO | Starting backtest...
2025-10-22 21:44:12,562 | INFO | Starting backtest...
2025-10-22 21:44:29,346 | INFO | Starting backtest...
2025-10-22 21:44:50,687 | INFO | Starting backtest...
2025-10-22 21:45:08,722 | INFO | Starting backtest...
2025-10-22 22:10:05,902 | INFO | Starting backtest...
2025-10-22 22:10:26,699 | INFO | Starting backtest...
2025-10-22 22:11:01,957 | INFO | Starting backtest...
2025-10-22 22:11:17,972 | INFO | Starting backtest...
2025-10-22 22:17:53,982 | INFO | Starting backtest...
2025-10-22 22:18:08,471 | INFO | Starting backtest...
2025-10-22 22:18:37,054 | INFO | Starting backtest...
2025-10-22 22:43:28,503 | INFO | Starting backtest...
2025-10-22 22:44:01,572 | INFO | Starting backtest...
2025-10-22 22:52:25,126 | INFO | Starting backtest...
2025-10-22 22:52:58,303 | INFO | Starting backtest...
2025-10-22 23:22:27,552 | INFO | Starting backtest...
2025-10-22 23:55:37,976 | INFO | Starting backtest...
2025-10-22 23:56:05,285 | INFO | Starting backtest...
2025-10-22 23:56:19,107 | INFO | Starting backtest...
2025-10-22 23:56:44,770 | INFO | Starting backtest...
2025-10-23 00:14:33,940 | INFO | Starting backtest...
2025-10-23 00:14:57,063 | INFO | Starting backtest...
2025-10-23 09:46:00,051 | INFO | Starting backtest...
2025-10-23 09:46:12,476 | INFO | Starting backtest...
2025-10-23 09:46:30,972 | INFO | Starting backtest...
2025-10-23 16:32:44,987 | INFO | Starting backtest...
2025-10-23 16:33:19,493 | INFO | Starting backtest...
2025-10-23 16:33:33,474 | INFO | Starting backtest...
2025-10-23 16:34:40,703 | INFO | Starting backtest...
2025-10-23 16:34:54,278 | INFO | Starting backtest...
2025-10-23 17:08:57,538 | INFO | Starting backtest...
2025-10-23 17:10:21,976 | INFO | Starting backtest...
2025-10-23 17:14:30,858 | INFO | Starting backtest...
2025-10-23 17:14:42,771 | INFO | Starting backtest...
2025-10-23 17:15:08,691 | INFO | Starting backtest...
2025-10-23 17:15:41,256 | INFO | Starting backtest...
2025-10-23 17:16:06,785 | INFO | Starting backtest...
2025-10-23 17:16:26,899 | INFO | Starting backtest...
2025-10-23 17:16:52,444 | INFO | Starting backtest...
2025-10-23 17:17:30,176 | INFO | Starting backtest...
2025-10-23 17:17:46,939 | INFO | Starting backtest...
2025-10-23 17:18:08,404 | INFO | Starting backtest...
2025-10-23 17:18:33,534 | INFO | Starting backtest...
2025-10-23 17:18:52,126 | INFO | Starting backtest...
2025-10-23 17:19:11,868 | INFO | Starting backtest...
2025-10-23 17:19:31,805 | INFO | Starting backtest...
2025-10-23 17:19:50,951 | INFO | Starting backtest...
2025-10-23 17:20:15,428 | INFO | Starting backtest...
2025-10-23 17:20:38,324 | INFO | Starting backtest...
2025-10-23 17:21:17,900 | INFO | Starting backtest...
2025-10-23 17:22:07,417 | INFO | Starting backtest...
2025-10-23 17:22:46,479 | INFO | Starting backtest...
2025-10-23 17:23:19,792 | INFO | Starting backtest...
2025-10-23 17:23:39,362 | INFO | Starting backtest...
2025-10-23 17:23:59,878 | INFO | Starting backtest...
2025-10-23 17:24:24,138 | INFO | Starting backtest...
2025-10-23 17:24:44,296 | INFO | Starting backtest...
2025-10-23 17:25:04,800 | INFO | Starting backtest...
2025-10-23 17:25:24,298 | INFO | Starting backtest...
2025-10-23 17:25:45,115 | INFO | Starting backtest...
2025-10-23 17:29:35,387 | INFO | Starting backtest...
2025-10-23 17:29:50,583 | INFO | Starting backtest...
2025-10-23 17:30:10,835 | INFO | Starting backtest...
2025-10-23 17:30:35,987 | INFO | Starting backtest...
2025-10-23 17:30:51,410 | INFO | Starting backtest...
2025-10-23 17:31:09,325 | INFO | Starting backtest...
2025-10-23 17:31:36,407 | INFO | Starting backtest...
2025-10-23 17:31:56,921 | INFO | Starting backtest...
2025-10-23 17:32:23,695 | INFO | Starting backtest...
2025-10-23 17:32:45,632 | INFO | Starting backtest...
2025-10-23 17:33:05,242 | INFO | Starting backtest...
2025-10-23 17:33:31,412 | INFO | Starting backtest...
2025-10-23 17:33:53,102 | INFO | Starting backtest...
2025-10-23 17:34:15,249 | INFO | Starting backtest...
2025-10-23 17:34:30,683 | INFO | Starting backtest...
2025-10-23 17:42:03,442 | INFO | Starting backtest...
2025-10-23 17:43:54,319 | INFO | Starting backtest...
2025-10-23 17:44:11,038 | INFO | Starting backtest...
2025-10-23 17:44:23,988 | INFO | Starting backtest...
2025-10-23 17:47:17,426 | INFO | Starting backtest...
2025-10-23 17:47:34,801 | INFO | Starting backtest...
2025-10-23 17:47:49,218 | INFO | Starting backtest...
2025-10-23 19:28:50,910 | INFO | Starting backtest...
2025-10-23 19:31:28,883 | INFO | Starting backtest...
2025-10-23 19:32:10,149 | INFO | Starting backtest...
2025-10-23 19:32:46,934 | INFO | Starting backtest...
2025-10-23 19:33:02,789 | INFO | Starting backtest...
2025-10-23 19:33:19,930 | INFO | Starting backtest...
2025-10-23 19:35:23,720 | INFO | Starting backtest...
2025-10-23 19:36:05,190 | INFO | Starting backtest...
2025-10-23 23:33:38,156 | INFO | Starting backtest...
2025-10-23 23:44:20,919 | INFO | Starting backtest...
2025-10-23 23:47:17,482 | INFO | Starting backtest...
2025-10-23 23:48:15,565 | INFO | Starting backtest...
2025-10-23 23:48:46,446 | INFO | Starting backtest...
2025-10-23 23:49:03,813 | INFO | Starting backtest...
2025-10-23 23:49:22,908 | INFO | Starting backtest...
2025-10-23 23:58:42,961 | INFO | Starting backtest...
2025-10-23 23:59:02,711 | INFO | Starting backtest...
2025-10-24 00:16:27,875 | INFO | Starting backtest...
2025-10-24 00:17:48,520 | INFO | Starting LIVE engine... (DEMO!)
2025-10-24 00:17:48,549 | INFO | Live loop started for EURUSD.sml @ M15
2025-10-24 00:17:48,603 | INFO | No signal or ATR invalid.
2025-10-24 01:07:52,418 | INFO | Starting LIVE engine... (DEMO!)
2025-10-24 01:07:52,428 | INFO | Live loop started for EURUSD.sml @ M15
2025-10-24 01:07:52,429 | ERROR | Error in live loop: The truth value of an array with more than one element is ambiguous. Use a.any() or a.all()
Traceback (most recent call last):
  File "C:\users\aweki\downloads\bots\mt5_fxbot_ready\mt5fx\engine.py", line 318, in run
    if not rates:
           ^^^^^
ValueError: The truth value of an array with more than one element is ambiguous. Use a.any() or a.all()
2025-10-24 01:08:04,888 | INFO | Starting backtest...
2025-10-24 01:08:30,853 | INFO | Starting backtest...
2025-10-24 01:09:25,116 | INFO | Starting backtest...
2025-10-24 01:10:14,492 | INFO | Starting backtest...
2025-10-24 01:10:39,497 | INFO | Starting backtest...
2025-10-24 01:11:13,284 | INFO | Starting backtest...
2025-10-24 01:11:28,854 | INFO | Starting backtest...
2025-10-24 01:11:57,594 | INFO | Starting backtest...
2025-10-24 01:12:17,400 | INFO | Starting backtest...
2025-10-24 01:12:37,968 | INFO | Starting backtest...
2025-10-24 01:14:55,485 | INFO | Starting backtest...
2025-10-24 01:15:20,224 | INFO | Starting backtest...
2025-10-24 01:15:45,860 | INFO | Starting backtest...
2025-10-24 01:16:15,069 | INFO | Starting backtest...
2025-10-24 01:16:38,144 | INFO | Starting backtest...
2025-10-24 01:16:59,065 | INFO | Starting backtest...
2025-10-24 01:17:24,495 | INFO | Starting backtest...
2025-10-24 01:17:47,855 | INFO | Starting backtest...
2025-10-24 01:18:05,261 | INFO | Starting backtest...
2025-10-24 01:18:22,524 | INFO | Starting backtest...
2025-10-24 01:18:50,281 | INFO | Starting backtest...
2025-10-24 01:19:06,841 | INFO | Starting backtest...
2025-10-24 01:19:23,807 | INFO | Starting backtest...
2025-10-24 01:20:49,214 | INFO | Starting backtest...
2025-10-24 01:21:06,449 | INFO | Starting backtest...
2025-10-24 01:21:35,854 | INFO | Starting backtest...
2025-10-24 01:22:02,138 | INFO | Starting backtest...
2025-10-24 01:22:20,051 | INFO | Starting backtest...
2025-10-24 01:22:39,691 | INFO | Starting backtest...
2025-10-24 01:22:59,008 | INFO | Starting backtest...
2025-10-24 01:23:17,721 | INFO | Starting backtest...
2025-10-24 01:23:32,414 | INFO | Starting backtest...
2025-10-24 01:24:16,975 | INFO | Starting backtest...
2025-10-24 01:24:36,462 | INFO | Starting backtest...
2025-10-24 01:25:00,322 | INFO | Starting backtest...
2025-10-24 01:25:23,756 | INFO | Starting backtest...
2025-10-24 01:25:33,234 | INFO | Starting backtest...
2025-10-24 01:25:54,610 | INFO | Starting backtest...
2025-10-24 01:26:18,032 | INFO | Starting backtest...
2025-10-24 01:26:41,196 | INFO | Starting backtest...
2025-10-24 01:26:59,669 | INFO | Starting backtest...
2025-10-24 01:27:33,125 | INFO | Starting backtest...
2025-10-24 01:28:02,757 | INFO | Starting backtest...
2025-10-24 01:34:19,986 | INFO | Starting backtest...
2025-10-24 01:34:50,026 | INFO | Starting LIVE engine... (DEMO!)
2025-10-24 01:34:50,033 | INFO | Live loop started for EURUSD.sml @ M15
2025-10-24 01:34:50,034 | ERROR | Error in live loop: The truth value of an array with more than one element is ambiguous. Use a.any() or a.all()
Traceback (most recent call last):
  File "C:\users\aweki\downloads\bots\mt5_fxbot_ready\mt5fx\engine.py", line 318, in run
    if not rates:
           ^^^^^
ValueError: The truth value of an array with more than one element is ambiguous. Use a.any() or a.all()
2025-10-24 01:35:50,042 | ERROR | Error in live loop: The truth value of an array with more than one element is ambiguous. Use a.any() or a.all()
Traceback (most recent call last):
  File "C:\users\aweki\downloads\bots\mt5_fxbot_ready\mt5fx\engine.py", line 318, in run
    if not rates:
           ^^^^^
ValueError: The truth value of an array with more than one element is ambiguous. Use a.any() or a.all()
2025-10-24 01:36:50,044 | ERROR | Error in live loop: The truth value of an array with more than one element is ambiguous. Use a.any() or a.all()
Traceback (most recent call last):
  File "C:\users\aweki\downloads\bots\mt5_fxbot_ready\mt5fx\engine.py", line 318, in run
    if not rates:
           ^^^^^
ValueError: The truth value of an array with more than one element is ambiguous. Use a.any() or a.all()
2025-10-24 01:37:50,046 | ERROR | Error in live loop: The truth value of an array with more than one element is ambiguous. Use a.any() or a.all()
Traceback (most recent call last):
  File "C:\users\aweki\downloads\bots\mt5_fxbot_ready\mt5fx\engine.py", line 318, in run
    if not rates:
           ^^^^^
ValueError: The truth value of an array with more than one element is ambiguous. Use a.any() or a.all()
2025-10-24 01:38:50,049 | ERROR | Error in live loop: The truth value of an array with more than one element is ambiguous. Use a.any() or a.all()
Traceback (most recent call last):
  File "C:\users\aweki\downloads\bots\mt5_fxbot_ready\mt5fx\engine.py", line 318, in run
    if not rates:
           ^^^^^
ValueError: The truth value of an array with more than one element is ambiguous. Use a.any() or a.all()
2025-10-24 01:39:50,052 | ERROR | Error in live loop: The truth value of an array with more than one element is ambiguous. Use a.any() or a.all()
Traceback (most recent call last):
  File "C:\users\aweki\downloads\bots\mt5_fxbot_ready\mt5fx\engine.py", line 318, in run
    if not rates:
           ^^^^^
ValueError: The truth value of an array with more than one element is ambiguous. Use a.any() or a.all()
2025-10-24 01:43:05,603 | ERROR | Error in live loop: The truth value of an array with more than one element is ambiguous. Use a.any() or a.all()
Traceback (most recent call last):
  File "C:\users\aweki\downloads\bots\mt5_fxbot_ready\mt5fx\engine.py", line 318, in run
    if not rates:
           ^^^^^
ValueError: The truth value of an array with more than one element is ambiguous. Use a.any() or a.all()
2025-10-24 01:58:51,824 | ERROR | Error in live loop: The truth value of an array with more than one element is ambiguous. Use a.any() or a.all()
Traceback (most recent call last):
  File "C:\users\aweki\downloads\bots\mt5_fxbot_ready\mt5fx\engine.py", line 318, in run
    if not rates:
           ^^^^^
ValueError: The truth value of an array with more than one element is ambiguous. Use a.any() or a.all()
2025-10-24 02:00:19,781 | ERROR | Error in live loop: The truth value of an array with more than one element is ambiguous. Use a.any() or a.all()
Traceback (most recent call last):
  File "C:\users\aweki\downloads\bots\mt5_fxbot_ready\mt5fx\engine.py", line 318, in run
    if not rates:
           ^^^^^
ValueError: The truth value of an array with more than one element is ambiguous. Use a.any() or a.all()
2025-10-24 02:01:21,804 | ERROR | Error in live loop: The truth value of an array with more than one element is ambiguous. Use a.any() or a.all()
Traceback (most recent call last):
  File "C:\users\aweki\downloads\bots\mt5_fxbot_ready\mt5fx\engine.py", line 318, in run
    if not rates:
           ^^^^^
ValueError: The truth value of an array with more than one element is ambiguous. Use a.any() or a.all()
2025-10-24 02:02:21,866 | ERROR | Error in live loop: The truth value of an array with more than one element is ambiguous. Use a.any() or a.all()
Traceback (most recent call last):
  File "C:\users\aweki\downloads\bots\mt5_fxbot_ready\mt5fx\engine.py", line 318, in run
    if not rates:
           ^^^^^
ValueError: The truth value of an array with more than one element is ambiguous. Use a.any() or a.all()
2025-10-24 02:03:21,869 | ERROR | Error in live loop: The truth value of an array with more than one element is ambiguous. Use a.any() or a.all()
Traceback (most recent call last):
  File "C:\users\aweki\downloads\bots\mt5_fxbot_ready\mt5fx\engine.py", line 318, in run
    if not rates:
           ^^^^^
ValueError: The truth value of an array with more than one element is ambiguous. Use a.any() or a.all()
2025-10-24 02:23:18,067 | ERROR | Error in live loop: The truth value of an array with more than one element is ambiguous. Use a.any() or a.all()
Traceback (most recent call last):
  File "C:\users\aweki\downloads\bots\mt5_fxbot_ready\mt5fx\engine.py", line 318, in run
    if not rates:
           ^^^^^
ValueError: The truth value of an array with more than one element is ambiguous. Use a.any() or a.all()
2025-10-24 02:26:47,579 | ERROR | Error in live loop: The truth value of an array with more than one element is ambiguous. Use a.any() or a.all()
Traceback (most recent call last):
  File "C:\users\aweki\downloads\bots\mt5_fxbot_ready\mt5fx\engine.py", line 318, in run
    if not rates:
           ^^^^^
ValueError: The truth value of an array with more than one element is ambiguous. Use a.any() or a.all()
2025-10-24 02:32:51,626 | ERROR | Error in live loop: The truth value of an array with more than one element is ambiguous. Use a.any() or a.all()
Traceback (most recent call last):
  File "C:\users\aweki\downloads\bots\mt5_fxbot_ready\mt5fx\engine.py", line 318, in run
    if not rates:
           ^^^^^
ValueError: The truth value of an array with more than one element is ambiguous. Use a.any() or a.all()
2025-10-24 02:49:19,568 | ERROR | Error in live loop: The truth value of an array with more than one element is ambiguous. Use a.any() or a.all()
Traceback (most recent call last):
  File "C:\users\aweki\downloads\bots\mt5_fxbot_ready\mt5fx\engine.py", line 318, in run
    if not rates:
           ^^^^^
ValueError: The truth value of an array with more than one element is ambiguous. Use a.any() or a.all()
2025-10-24 02:59:29,224 | ERROR | Error in live loop: The truth value of an array with more than one element is ambiguous. Use a.any() or a.all()
Traceback (most recent call last):
  File "C:\users\aweki\downloads\bots\mt5_fxbot_ready\mt5fx\engine.py", line 318, in run
    if not rates:
           ^^^^^
ValueError: The truth value of an array with more than one element is ambiguous. Use a.any() or a.all()
2025-10-24 03:05:27,391 | ERROR | Error in live loop: The truth value of an array with more than one element is ambiguous. Use a.any() or a.all()
Traceback (most recent call last):
  File "C:\users\aweki\downloads\bots\mt5_fxbot_ready\mt5fx\engine.py", line 318, in run
    if not rates:
           ^^^^^
ValueError: The truth value of an array with more than one element is ambiguous. Use a.any() or a.all()
2025-10-24 03:30:04,403 | ERROR | Error in live loop: The truth value of an array with more than one element is ambiguous. Use a.any() or a.all()
Traceback (most recent call last):
  File "C:\users\aweki\downloads\bots\mt5_fxbot_ready\mt5fx\engine.py", line 318, in run
    if not rates:
           ^^^^^
ValueError: The truth value of an array with more than one element is ambiguous. Use a.any() or a.all()
2025-10-24 03:50:23,332 | ERROR | Error in live loop: The truth value of an array with more than one element is ambiguous. Use a.any() or a.all()
Traceback (most recent call last):
  File "C:\users\aweki\downloads\bots\mt5_fxbot_ready\mt5fx\engine.py", line 318, in run
    if not rates:
           ^^^^^
ValueError: The truth value of an array with more than one element is ambiguous. Use a.any() or a.all()
2025-10-24 04:01:15,796 | ERROR | Error in live loop: The truth value of an array with more than one element is ambiguous. Use a.any() or a.all()
Traceback (most recent call last):
  File "C:\users\aweki\downloads\bots\mt5_fxbot_ready\mt5fx\engine.py", line 318, in run
    if not rates:
           ^^^^^
ValueError: The truth value of an array with more than one element is ambiguous. Use a.any() or a.all()
2025-10-24 04:18:40,588 | ERROR | Error in live loop: The truth value of an array with more than one element is ambiguous. Use a.any() or a.all()
Traceback (most recent call last):
  File "C:\users\aweki\downloads\bots\mt5_fxbot_ready\mt5fx\engine.py", line 318, in run
    if not rates:
           ^^^^^
ValueError: The truth value of an array with more than one element is ambiguous. Use a.any() or a.all()
2025-10-24 04:19:51,045 | ERROR | Error in live loop: The truth value of an array with more than one element is ambiguous. Use a.any() or a.all()
Traceback (most recent call last):
  File "C:\users\aweki\downloads\bots\mt5_fxbot_ready\mt5fx\engine.py", line 318, in run
    if not rates:
           ^^^^^
ValueError: The truth value of an array with more than one element is ambiguous. Use a.any() or a.all()
2025-10-24 04:20:51,065 | ERROR | Error in live loop: The truth value of an array with more than one element is ambiguous. Use a.any() or a.all()
Traceback (most recent call last):
  File "C:\users\aweki\downloads\bots\mt5_fxbot_ready\mt5fx\engine.py", line 318, in run
    if not rates:
           ^^^^^
ValueError: The truth value of an array with more than one element is ambiguous. Use a.any() or a.all()
2025-10-24 04:24:20,968 | ERROR | Error in live loop: The truth value of an array with more than one element is ambiguous. Use a.any() or a.all()
Traceback (most recent call last):
  File "C:\users\aweki\downloads\bots\mt5_fxbot_ready\mt5fx\engine.py", line 318, in run
    if not rates:
           ^^^^^
ValueError: The truth value of an array with more than one element is ambiguous. Use a.any() or a.all()
2025-10-24 04:50:28,057 | ERROR | Error in live loop: The truth value of an array with more than one element is ambiguous. Use a.any() or a.all()
Traceback (most recent call last):
  File "C:\users\aweki\downloads\bots\mt5_fxbot_ready\mt5fx\engine.py", line 318, in run
    if not rates:
           ^^^^^
ValueError: The truth value of an array with more than one element is ambiguous. Use a.any() or a.all()
2025-10-24 04:51:50,706 | ERROR | Error in live loop: The truth value of an array with more than one element is ambiguous. Use a.any() or a.all()
Traceback (most recent call last):
  File "C:\users\aweki\downloads\bots\mt5_fxbot_ready\mt5fx\engine.py", line 318, in run
    if not rates:
           ^^^^^
ValueError: The truth value of an array with more than one element is ambiguous. Use a.any() or a.all()
2025-10-24 04:55:20,699 | ERROR | Error in live loop: The truth value of an array with more than one element is ambiguous. Use a.any() or a.all()
Traceback (most recent call last):
  File "C:\users\aweki\downloads\bots\mt5_fxbot_ready\mt5fx\engine.py", line 318, in run
    if not rates:
           ^^^^^
ValueError: The truth value of an array with more than one element is ambiguous. Use a.any() or a.all()
2025-10-24 05:01:51,380 | ERROR | Error in live loop: The truth value of an array with more than one element is ambiguous. Use a.any() or a.all()
Traceback (most recent call last):
  File "C:\users\aweki\downloads\bots\mt5_fxbot_ready\mt5fx\engine.py", line 318, in run
    if not rates:
           ^^^^^
ValueError: The truth value of an array with more than one element is ambiguous. Use a.any() or a.all()
2025-10-24 05:21:02,115 | ERROR | Error in live loop: The truth value of an array with more than one element is ambiguous. Use a.any() or a.all()
Traceback (most recent call last):
  File "C:\users\aweki\downloads\bots\mt5_fxbot_ready\mt5fx\engine.py", line 318, in run
    if not rates:
           ^^^^^
ValueError: The truth value of an array with more than one element is ambiguous. Use a.any() or a.all()
2025-10-24 05:22:20,383 | ERROR | Error in live loop: The truth value of an array with more than one element is ambiguous. Use a.any() or a.all()
Traceback (most recent call last):
  File "C:\users\aweki\downloads\bots\mt5_fxbot_ready\mt5fx\engine.py", line 318, in run
    if not rates:
           ^^^^^
ValueError: The truth value of an array with more than one element is ambiguous. Use a.any() or a.all()
2025-10-24 05:23:20,406 | ERROR | Error in live loop: The truth value of an array with more than one element is ambiguous. Use a.any() or a.all()
Traceback (most recent call last):
  File "C:\users\aweki\downloads\bots\mt5_fxbot_ready\mt5fx\engine.py", line 318, in run
    if not rates:
           ^^^^^
ValueError: The truth value of an array with more than one element is ambiguous. Use a.any() or a.all()
2025-10-24 05:44:08,291 | ERROR | Error in live loop: The truth value of an array with more than one element is ambiguous. Use a.any() or a.all()
Traceback (most recent call last):
  File "C:\users\aweki\downloads\bots\mt5_fxbot_ready\mt5fx\engine.py", line 318, in run
    if not rates:
           ^^^^^
ValueError: The truth value of an array with more than one element is ambiguous. Use a.any() or a.all()
2025-10-24 05:45:08,294 | ERROR | Error in live loop: The truth value of an array with more than one element is ambiguous. Use a.any() or a.all()
Traceback (most recent call last):
  File "C:\users\aweki\downloads\bots\mt5_fxbot_ready\mt5fx\engine.py", line 318, in run
    if not rates:
           ^^^^^
ValueError: The truth value of an array with more than one element is ambiguous. Use a.any() or a.all()
2025-10-24 05:50:51,223 | ERROR | Error in live loop: The truth value of an array with more than one element is ambiguous. Use a.any() or a.all()
Traceback (most recent call last):
  File "C:\users\aweki\downloads\bots\mt5_fxbot_ready\mt5fx\engine.py", line 318, in run
    if not rates:
           ^^^^^
ValueError: The truth value of an array with more than one element is ambiguous. Use a.any() or a.all()
2025-10-24 06:01:19,071 | ERROR | Error in live loop: The truth value of an array with more than one element is ambiguous. Use a.any() or a.all()
Traceback (most recent call last):
  File "C:\users\aweki\downloads\bots\mt5_fxbot_ready\mt5fx\engine.py", line 318, in run
    if not rates:
           ^^^^^
ValueError: The truth value of an array with more than one element is ambiguous. Use a.any() or a.all()
2025-10-24 10:54:25,425 | INFO | Starting backtest...
2025-10-24 10:54:34,786 | INFO | Starting backtest...
2025-10-24 10:54:45,024 | INFO | Starting backtest...
2025-10-24 10:55:19,798 | INFO | Starting backtest...
2025-10-24 10:55:42,353 | INFO | Starting backtest...
2025-10-24 10:56:07,550 | INFO | Starting backtest...
2025-10-24 13:04:42,414 | INFO | Starting backtest...
2025-10-24 13:11:18,287 | INFO | Starting backtest...
2025-10-24 13:11:29,595 | INFO | Starting LIVE engine... (DEMO!)
2025-10-24 13:11:29,605 | INFO | Live loop started for EURUSD.sml @ M15
2025-10-24 13:11:29,637 | INFO | No signal or ATR invalid.
2025-10-24 13:15:29,681 | INFO | No signal or ATR invalid.
2025-10-24 13:30:29,780 | INFO | No signal or ATR invalid.
2025-10-24 13:45:29,920 | INFO | No signal or ATR invalid.
2025-10-24 14:08:30,260 | INFO | No signal or ATR invalid.
2025-10-24 14:15:30,366 | INFO | No signal or ATR invalid.
2025-10-24 14:30:30,592 | INFO | No signal or ATR invalid.
2025-10-24 14:45:30,801 | INFO | No signal or ATR invalid.
2025-10-24 15:00:31,028 | INFO | No signal or ATR invalid.
2025-10-24 15:30:11,578 | INFO | Starting backtest...
2025-10-24 15:30:24,276 | INFO | Starting backtest...
2025-10-24 15:30:37,483 | INFO | Starting backtest...
2025-10-24 15:43:28,529 | INFO | Starting backtest...
2025-10-24 15:43:56,594 | INFO | Starting backtest...
2025-10-24 15:45:16,483 | INFO | Starting backtest...
2025-10-24 15:45:45,825 | INFO | Starting backtest...
2025-10-24 15:46:17,101 | INFO | Starting backtest...
2025-10-24 15:46:48,897 | INFO | Starting backtest...
2025-10-24 15:47:37,469 | INFO | Starting backtest...
2025-10-24 15:59:48,427 | INFO | Starting backtest...
2025-10-24 16:00:16,205 | INFO | Starting backtest...
2025-10-24 16:01:04,045 | INFO | Starting backtest...
2025-10-24 16:01:30,401 | INFO | Starting backtest...
2025-10-24 16:01:57,153 | INFO | Starting backtest...
2025-10-24 16:02:26,302 | INFO | Starting backtest...
2025-10-24 16:03:06,707 | INFO | Starting backtest...
2025-10-24 16:03:29,582 | INFO | Starting backtest...
2025-10-24 16:03:56,524 | INFO | Starting backtest...
2025-10-24 16:04:37,816 | INFO | Starting backtest...
2025-10-24 16:05:15,162 | INFO | Starting backtest...
2025-10-24 16:05:33,300 | INFO | Starting backtest...
2025-10-24 16:05:59,395 | INFO | Starting backtest...
2025-10-24 16:06:13,396 | INFO | Starting backtest...
2025-10-24 16:06:49,155 | INFO | Starting backtest...
2025-10-24 16:07:35,847 | INFO | Starting backtest...
2025-10-24 16:08:06,051 | INFO | Starting backtest...
2025-10-24 16:08:37,264 | INFO | Starting backtest...
2025-10-24 16:08:57,267 | INFO | Starting backtest...
2025-10-24 16:09:44,946 | INFO | Starting LIVE engine... (DEMO!)
2025-10-24 16:09:44,952 | INFO | Live loop started for EURUSD.sml @ M15
2025-10-24 16:09:45,001 | INFO | No signal or ATR invalid.
2025-10-24 16:15:09,697 | INFO | No signal or ATR invalid.
2025-10-24 16:36:05,508 | INFO | Starting backtest...
2025-10-24 16:36:21,207 | INFO | Starting backtest...
2025-10-24 16:36:38,551 | INFO | Starting backtest...
2025-10-24 16:37:00,074 | INFO | Starting backtest...
2025-10-24 16:37:33,037 | INFO | Starting backtest...
2025-10-24 16:37:53,205 | INFO | Starting backtest...
2025-10-24 16:38:35,430 | INFO | Starting backtest...
2025-10-24 16:38:53,049 | INFO | Starting LIVE engine... (DEMO!)
2025-10-24 16:38:53,068 | INFO | Live loop started for EURUSD.sml @ M15
2025-10-24 16:38:53,103 | INFO | No signal or ATR invalid.
2025-10-24 16:40:07,431 | INFO | Starting LIVE engine... (DEMO!)
2025-10-24 16:40:07,444 | INFO | Live loop started for EURUSD.sml @ M15
2025-10-24 16:45:07,496 | INFO | No signal or ATR invalid.
2025-10-24 16:47:20,789 | WARNING | [DEBUG] Forcing tiny long trade: lots=0.02 entry=1.16358 sl=1.16058 tp=1.16658
2025-10-24 16:47:21,040 | INFO | [DEBUG] Forced order result: OrderSendResult(retcode=10009, deal=32558535, order=30653448, volume=0.02, price=1.16355, bid=1.16346, ask=1.16355, comment='Request executed', request_id=3527925161, retcode_external=0, request=TradeRequest(action=1, magic=20251019, order=0, symbol='EURUSD.sml', volume=0.02, price=1.16358, stoplimit=0.0, sl=1.1605800000000002, tp=1.16658, deviation=10, type=0, type_filling=0, type_time=0, expiration=0, comment='mt5fx M15', position=0, position_by=0))
2025-10-24 16:48:13,813 | INFO | Starting LIVE engine... (DEMO!)
2025-10-24 16:48:13,827 | INFO | Live loop started for EURUSD.sml @ M15
2025-10-24 17:00:13,967 | INFO | No signal or ATR invalid.
2025-10-24 17:15:14,155 | INFO | No signal or ATR invalid.
2025-10-24 17:30:14,322 | INFO | No signal or ATR invalid.
2025-10-24 17:45:14,476 | INFO | No signal or ATR invalid.
2025-10-24 19:14:21,095 | INFO | No signal or ATR invalid.
2025-10-24 19:15:21,125 | INFO | No signal or ATR invalid.
2025-10-24 19:30:21,226 | INFO | No signal or ATR invalid.
2025-10-24 19:45:21,347 | INFO | No signal or ATR invalid.
2025-10-24 20:02:21,574 | INFO | No signal or ATR invalid.
2025-10-24 20:15:21,795 | INFO | No signal or ATR invalid.
2025-10-24 20:30:21,960 | INFO | No signal or ATR invalid.
2025-10-24 20:52:22,295 | INFO | No signal or ATR invalid.
2025-10-25 11:30:49,094 | INFO | Starting LIVE engine... (DEMO!)
2025-10-25 11:32:11,013 | INFO | Starting LIVE engine... (DEMO!)
2025-10-25 11:34:27,768 | INFO | Starting LIVE engine... (DEMO!)
2025-10-25 11:34:27,822 | INFO | Live loop started for EURUSD.sml @ M15
2025-10-25 11:34:27,915 | INFO | Closed position 30653448 due to time-stop (63 bars).
2025-10-25 11:34:27,916 | INFO | No signal or ATR invalid.
2025-10-25 11:51:49,077 | INFO | Starting LIVE engine... (DEMO!)
2025-10-25 11:51:49,106 | INFO | Live loop started for EURUSD.sml @ M15
2025-10-25 15:01:48,347 | INFO | Starting backtest...
2025-10-25 15:23:16,719 | INFO | Starting LIVE engine... (DEMO!)
2025-10-25 15:23:16,746 | INFO | Live loop started for EURUSD.sml @ M15
2025-10-25 16:26:02,518 | INFO | Starting LIVE engine... (DEMO!)
2025-10-25 16:26:07,926 | INFO | Live loop started for EURUSD.sml @ M15
2025-10-26 22:42:49,723 | INFO | Starting backtest...
2025-10-27 00:16:57,599 | INFO | Starting backtest...
2025-10-27 00:31:10,339 | INFO | Starting backtest...
2025-10-27 01:23:36,087 | INFO | Starting backtest...
2025-10-27 01:24:50,883 | INFO | Starting backtest...
2025-10-27 08:23:47,967 | INFO | Starting backtest...
2025-10-27 08:25:21,384 | INFO | Starting backtest...
2025-10-27 08:25:52,482 | INFO | Starting backtest...
2025-10-27 08:40:47,378 | INFO | Starting backtest...
2025-10-27 08:41:19,364 | INFO | Starting backtest...
2025-10-27 08:42:33,200 | INFO | Starting backtest...
2025-10-27 08:43:33,733 | INFO | Starting backtest...
2025-10-27 08:44:23,732 | INFO | Starting backtest...
2025-10-27 08:44:48,171 | INFO | Starting backtest...
2025-10-27 08:46:41,025 | INFO | Starting backtest...
2025-10-27 08:47:28,205 | INFO | Starting backtest...
2025-10-27 08:48:20,657 | INFO | Starting backtest...
2025-10-27 08:48:41,516 | INFO | Starting backtest...
2025-10-27 09:19:22,133 | INFO | Starting backtest...
2025-10-27 09:19:42,099 | INFO | Starting backtest...
2025-10-27 09:24:40,089 | INFO | Starting backtest...
2025-10-27 09:29:35,662 | INFO | Starting backtest...
2025-10-27 09:30:02,492 | INFO | Starting backtest...
2025-10-27 09:30:46,831 | INFO | Starting backtest...
2025-10-27 14:13:18,010 | INFO | Starting backtest...
2025-10-27 14:14:16,189 | INFO | Starting backtest...
2025-10-27 14:14:59,362 | INFO | Starting backtest...
2025-10-27 14:15:34,929 | INFO | Starting backtest...
2025-10-27 14:16:37,501 | INFO | Starting backtest...
2025-10-27 14:34:31,540 | INFO | Starting backtest...
2025-10-27 14:34:56,733 | INFO | Starting backtest...
2025-10-27 14:35:34,223 | INFO | Starting backtest...
2025-10-27 14:55:33,617 | INFO | Starting backtest...
2025-10-27 14:56:01,712 | INFO | Starting backtest...
2025-10-27 15:10:01,433 | INFO | Starting backtest...
2025-10-27 15:10:30,987 | INFO | Starting backtest...
2025-10-27 15:16:20,200 | INFO | Starting backtest...
2025-10-27 15:24:06,771 | INFO | Starting backtest...
2025-10-27 15:27:07,044 | INFO | Starting LIVE engine... (DEMO!)
2025-10-27 15:27:07,098 | INFO | Live loop started for EURUSD.sml @ M15
2025-10-27 15:27:07,163 | INFO | No signal or ATR invalid.
2025-10-27 15:27:25,980 | INFO | Starting LIVE engine... (DEMO!)
2025-10-27 15:27:25,987 | INFO | Live loop started for EURUSD.sml @ H1
2025-10-27 15:27:26,531 | INFO | No signal or ATR invalid.
2025-10-27 16:20:51,912 | INFO | No signal or ATR invalid.
2025-10-27 16:28:19,457 | INFO | Starting LIVE engine... (DEMO!)
2025-10-27 16:28:19,472 | INFO | Live loop started for EURUSD.sml @ H1
2025-10-27 16:30:50,195 | INFO | Starting LIVE engine... (DEMO!)
2025-10-27 16:30:50,201 | INFO | Live loop started for EURUSD.sml @ H1
2025-10-27 16:31:05,276 | INFO | Starting LIVE engine... (DEMO!)
2025-10-27 16:31:05,282 | INFO | Live loop started for EURUSD.sml @ H1
2025-10-27 16:34:57,351 | INFO | Starting LIVE engine... (DEMO!)
2025-10-27 16:34:57,372 | INFO | Live loop started for EURUSD.sml @ M15
2025-10-27 16:34:57,408 | INFO | No signal or ATR invalid.
2025-10-27 16:34:57,408 | WARNING | [DEBUG] Forcing tiny short trade: lots=0.10 entry=1.16400 sl=1.16700 tp=1.16100
2025-10-27 16:34:57,627 | INFO | [DEBUG] Forced order result: OrderSendResult(retcode=10009, deal=32588350, order=30683449, volume=0.1, price=1.164, bid=1.164, ask=1.16408, comment='Request executed', request_id=1407283848, retcode_external=0, request=TradeRequest(action=1, magic=20251019, order=0, symbol='EURUSD.sml', volume=0.1, price=1.164, stoplimit=0.0, sl=1.1669999999999998, tp=1.161, deviation=10, type=1, type_filling=0, type_time=0, expiration=0, comment='mt5fx M15', position=0, position_by=0))
2025-10-27 16:35:27,661 | INFO | Starting LIVE engine... (DEMO!)
2025-10-27 16:35:27,677 | INFO | Live loop started for EURUSD.sml @ M15
2025-10-27 16:41:04,785 | INFO | Starting backtest...
2025-10-28 09:22:59,955 | INFO | Starting backtest...
2025-10-28 11:58:26,058 | INFO | Starting backtest...
2025-10-28 16:38:08,640 | INFO | Starting backtest...
2025-10-28 17:00:23,840 | INFO | Starting backtest...
2025-10-28 17:00:36,029 | INFO | Starting backtest...
2025-10-30 13:17:36,779 | INFO | Starting LIVE engine... (DEMO!)
2025-10-30 13:17:36,808 | INFO | Live loop started for EURUSD.sml @ M15
2025-10-30 13:17:36,869 | INFO | No signal or ATR invalid.
2025-10-30 13:30:37,037 | INFO | No signal or ATR invalid.
2025-10-30 13:33:59,508 | INFO | Starting LIVE engine... (DEMO!)
2025-10-30 13:33:59,528 | INFO | Live loop started for EURUSD.sml @ M15
2025-10-31 12:20:01,395 | INFO | Starting LIVE engine... (DEMO!)
2025-10-31 12:20:01,407 | INFO | Live loop started for EURUSD.sml @ M15
2025-10-31 12:20:01,454 | INFO | No signal or ATR invalid.
2025-10-31 12:20:30,776 | INFO | Starting LIVE engine... (DEMO!)
2025-10-31 12:20:30,789 | INFO | Live loop started for EURUSD.sml @ M15
2025-10-31 12:30:30,939 | INFO | No signal or ATR invalid.
2025-10-31 12:45:31,064 | INFO | No signal or ATR invalid.
2025-10-31 13:00:31,169 | INFO | No signal or ATR invalid.
2025-10-31 13:15:31,268 | INFO | No signal or ATR invalid.
2025-10-31 13:30:31,360 | INFO | Using custom exits (prev-bar extreme + 3.00R). risk=0.00093
2025-10-31 13:30:31,975 | INFO | Order result: OrderSendResult(retcode=10009, deal=32689726, order=30787555, volume=1.0, price=1.15688, bid=1.15688, ask=1.15696, comment='Request executed', request_id=1090658642, retcode_external=0, request=TradeRequest(action=1, magic=20251019, order=0, symbol='EURUSD.sml', volume=1.0, price=1.15688, stoplimit=0.0, sl=1.1579014285714286, tp=1.1541757142857143, deviation=10, type=1, type_filling=0, type_time=0, expiration=0, comment='mt5fx M15', position=0, position_by=0))
2025-10-31 13:44:18,969 | INFO | Starting LIVE engine... (DEMO!)
2025-10-31 13:44:18,993 | INFO | Live loop started for EURUSD.sml @ M15
2025-10-31 13:45:19,065 | INFO | No signal or ATR invalid.
2025-10-31 14:00:19,333 | INFO | No signal or ATR invalid.
2025-10-31 14:15:19,544 | INFO | Position already open; skipping new trade.
2025-10-31 14:30:12,494 | INFO | No signal or ATR invalid.
2025-10-31 14:40:48,689 | INFO | Starting LIVE engine... (DEMO!)
2025-10-31 14:40:48,712 | INFO | Live loop started for EURUSD.sml @ M15
2025-10-31 14:45:48,804 | INFO | No signal or ATR invalid.
2025-10-31 15:00:49,016 | INFO | No signal or ATR invalid.
2025-10-31 15:06:25,485 | INFO | Starting LIVE engine... (DEMO!)
2025-10-31 15:06:25,507 | INFO | Live loop started for EURUSD.sml @ M15
2025-10-31 15:09:12,520 | INFO | Starting LIVE engine... (DEMO!)
2025-10-31 15:09:12,541 | INFO | Live loop started for NZDUSD @ M15
2025-10-31 15:09:12,604 | INFO | No signal or ATR invalid.
2025-10-31 15:15:12,694 | INFO | No signal or ATR invalid.
2025-10-31 15:30:11,292 | INFO | No signal or ATR invalid.
2025-10-31 15:45:51,280 | INFO | No signal or ATR invalid.
2025-10-31 16:00:51,451 | INFO | No signal or ATR invalid.
2025-10-31 16:23:45,985 | INFO | No signal or ATR invalid.
2025-10-31 16:23:52,288 | INFO | Starting LIVE engine... (DEMO!)
2025-10-31 16:23:52,309 | INFO | Live loop started for NZDUSD @ M15
2025-10-31 16:24:10,463 | INFO | Starting LIVE engine... (DEMO!)
2025-10-31 16:24:10,471 | INFO | Live loop started for EURUSD.sml @ M15
2025-10-31 16:24:10,534 | INFO | No signal or ATR invalid.
2025-10-31 16:30:10,621 | INFO | No signal or ATR invalid.
2025-10-31 18:56:05,009 | INFO | Starting LIVE engine... (DEMO!)
2025-10-31 18:56:05,016 | INFO | Live loop started for NZDUSD @ M15
2025-10-31 18:56:05,100 | INFO | No signal or ATR invalid.
2025-10-31 19:00:05,175 | INFO | No signal or ATR invalid.
2025-10-31 19:15:05,316 | INFO | No signal or ATR invalid.
2025-10-31 19:31:05,491 | INFO | Using custom exits (prev-bar extreme + 3.00R). risk=0.00086
2025-10-31 19:58:03,924 | INFO | Order result: OrderSendResult(retcode=10009, deal=32696347, order=30794584, volume=1.09, price=0.57249, bid=0.57249, ask=0.57264, comment='Request executed', request_id=1090658644, retcode_external=0, request=TradeRequest(action=1, magic=20251019, order=0, symbol='NZDUSD', volume=1.09, price=0.57249, stoplimit=0.0, sl=0.5735805714285714, tp=0.5701382857142857, deviation=10, type=1, type_filling=0, type_time=0, expiration=0, comment='mt5fx M15', position=0, position_by=0))
2025-10-31 19:58:58,511 | INFO | Starting LIVE engine... (DEMO!)
2025-10-31 19:58:58,531 | INFO | Live loop started for EURUSD.sml @ M15
2025-10-31 19:58:58,589 | INFO | No signal or ATR invalid.
2025-10-31 20:00:58,654 | INFO | No signal or ATR invalid.
2025-10-31 20:15:58,825 | INFO | No signal or ATR invalid.
2025-10-31 20:30:58,983 | INFO | No signal or ATR invalid.
2025-10-31 20:45:59,142 | INFO | No signal or ATR invalid.
2025-10-31 21:00:59,337 | INFO | No signal or ATR invalid.
2025-10-31 21:15:59,491 | INFO | No signal or ATR invalid.
2025-10-31 21:21:46,717 | INFO | Starting LIVE engine... (DEMO!)
2025-10-31 21:21:46,737 | INFO | Live loop started for NZDUSD @ M15
2025-10-31 21:21:46,815 | INFO | No signal or ATR invalid.
2025-10-31 21:30:46,931 | INFO | No signal or ATR invalid.
2025-10-31 21:45:47,095 | INFO | No signal or ATR invalid.
2025-10-31 22:05:47,251 | INFO | No signal or ATR invalid.
2025-10-31 22:15:47,344 | INFO | No signal or ATR invalid.
2025-10-31 22:30:47,489 | INFO | No signal or ATR invalid.
2025-10-31 22:42:39,656 | INFO | Starting LIVE engine... (DEMO!)
2025-10-31 22:42:39,680 | INFO | Live loop started for EURUSD.sml @ M15
2025-10-31 22:42:39,727 | INFO | No signal or ATR invalid.
2025-10-31 22:45:39,790 | INFO | No signal or ATR invalid.
2025-10-31 23:00:39,933 | INFO | No signal or ATR invalid.
2025-10-31 23:15:40,054 | INFO | No signal or ATR invalid.
2025-10-31 23:30:40,198 | INFO | No signal or ATR invalid.
2025-10-31 23:45:40,348 | INFO | No signal or ATR invalid.
2025-11-01 00:00:40,498 | INFO | No signal or ATR invalid.
2025-11-01 00:02:40,149 | INFO | Starting LIVE engine... (DEMO!)
2025-11-01 00:02:40,172 | INFO | Live loop started for NZDUSD @ M15
2025-11-01 00:02:40,254 | INFO | No signal or ATR invalid.
2025-11-01 00:15:40,386 | INFO | No signal or ATR invalid.
2025-11-01 00:30:40,543 | INFO | No signal or ATR invalid.
2025-11-01 09:48:42,588 | INFO | Starting LIVE engine... (DEMO!)
2025-11-01 09:48:42,616 | INFO | Live loop started for EURUSD.sml @ M15
2025-11-01 09:48:42,704 | INFO | No signal or ATR invalid.
2025-11-01 11:59:42,791 | INFO | Starting LIVE engine... (DEMO!)
2025-11-01 11:59:52,072 | INFO | Live loop started for EURUSD.sml @ M15
2025-11-01 12:37:04,441 | INFO | Starting LIVE engine... (DEMO!)
2025-11-01 12:37:04,491 | INFO | Live loop started for NZDUSD @ M15
2025-11-01 12:37:04,647 | INFO | No signal or ATR invalid.
